<?xml version="1.0" encoding="UTF-8"?>
<testsuite xmlns:xsi="http://www.w3.org/2001/XMLSchema-instance" xsi:noNamespaceSchemaLocation="https://maven.apache.org/surefire/maven-surefire-plugin/xsd/surefire-test-report-3.0.xsd" version="3.0" name="com.assign.ps.Book4FunTests" time="13.097" tests="1" errors="0" skipped="0" failures="0">
  <properties>
[...]
</properties>
  <testcase name="contextLoads" classname="com.assign.ps.Book4FunTests" time="1.839">
    <system-out><![CDATA[20:31:30.910 trace_id= span_id=	trace_flags= Could not detect default configuration classes for test class [com.assign.ps.Book4FunTests]: Book4FunTests does not declare any static, non-private, non-final, nested classes annotated with @Configuration.
20:31:31.098 trace_id= span_id=	trace_flags= Found @SpringBootConfiguration com.assign.ps.BookingApplication for test class com.assign.ps.Book4FunTests
20:31:31.413 trace_id= span_id=	trace_flags= Restart disabled due to context in which it is running

  .   ____          _            __ _ _
 /\\ / ___'_ __ _ _(_)_ __  __ _ \ \ \ \
( ( )\___ | '_ | '_| | '_ \/ _` | \ \ \ \
 \\/  ___)| |_)| | | | | || (_| |  ) ) ) )
  '  |____| .__|_| |_|_| |_\__, | / / / /
 =========|_|==============|___/=/_/_/_/
 :: Spring Boot ::                (v3.1.6)

20:31:32.222 trace_id= span_id=	trace_flags= HV000001: Hibernate Validator 8.0.1.Final
20:31:32.353 trace_id= span_id=	trace_flags= Starting Book4FunTests using Java 17.0.8 with PID 28872 (started by HarcharanjeetButalia in C:\Users\000U69744\IdeaProjects\ps-assignment\Book4Fun\booking-service)
20:31:32.355 trace_id= span_id=	trace_flags= The following 1 profile is active: "test"
20:31:35.126 trace_id= span_id=	trace_flags= BeanFactory id=0e0794e4-5cd2-3698-adcd-f0071572ed6a
20:31:35.286 trace_id= span_id=	trace_flags= Bean 'com.assign.ps.client.CinemaClient' of type [reactivefeign.spring.config.ReactiveFeignClientFactoryBean] is not eligible for getting processed by all BeanPostProcessors (for example: not eligible for auto-proxying)
20:31:35.650 trace_id= span_id=	trace_flags= Bean 'io.opentelemetry.instrumentation.spring.autoconfigure.instrumentation.web.SpringWebInstrumentationAutoConfiguration' of type [io.opentelemetry.instrumentation.spring.autoconfigure.instrumentation.web.SpringWebInstrumentationAutoConfiguration$$SpringCGLIB$$0] is not eligible for getting processed by all BeanPostProcessors (for example: not eligible for auto-proxying)
20:31:35.654 trace_id= span_id=	trace_flags= Bean 'io.opentelemetry.instrumentation.spring.autoconfigure.OpenTelemetryAutoConfiguration$OpenTelemetrySdkConfig' of type [io.opentelemetry.instrumentation.spring.autoconfigure.OpenTelemetryAutoConfiguration$OpenTelemetrySdkConfig$$SpringCGLIB$$0] is not eligible for getting processed by all BeanPostProcessors (for example: not eligible for auto-proxying)
20:31:35.677 trace_id= span_id=	trace_flags= Bean 'org.springframework.cloud.commons.config.CommonsConfigAutoConfiguration' of type [org.springframework.cloud.commons.config.CommonsConfigAutoConfiguration] is not eligible for getting processed by all BeanPostProcessors (for example: not eligible for auto-proxying)
20:31:35.680 trace_id= span_id=	trace_flags= Bean 'org.springframework.cloud.client.loadbalancer.LoadBalancerDefaultMappingsProviderAutoConfiguration' of type [org.springframework.cloud.client.loadbalancer.LoadBalancerDefaultMappingsProviderAutoConfiguration] is not eligible for getting processed by all BeanPostProcessors (for example: not eligible for auto-proxying)
20:31:35.682 trace_id= span_id=	trace_flags= Bean 'loadBalancerClientsDefaultsMappingsProvider' of type [org.springframework.cloud.client.loadbalancer.LoadBalancerDefaultMappingsProviderAutoConfiguration$$Lambda$916/0x000001335b4db780] is not eligible for getting processed by all BeanPostProcessors (for example: not eligible for auto-proxying)
20:31:35.685 trace_id= span_id=	trace_flags= Bean 'defaultsBindHandlerAdvisor' of type [org.springframework.cloud.commons.config.DefaultsBindHandlerAdvisor] is not eligible for getting processed by all BeanPostProcessors (for example: not eligible for auto-proxying)
20:31:35.695 trace_id= span_id=	trace_flags= Bean 'otel.traces.sampler-io.opentelemetry.instrumentation.spring.autoconfigure.SamplerProperties' of type [io.opentelemetry.instrumentation.spring.autoconfigure.SamplerProperties] is not eligible for getting processed by all BeanPostProcessors (for example: not eligible for auto-proxying)
20:31:35.720 trace_id= span_id=	trace_flags= Bean 'io.opentelemetry.instrumentation.spring.autoconfigure.resources.OtelResourceAutoConfiguration' of type [io.opentelemetry.instrumentation.spring.autoconfigure.resources.OtelResourceAutoConfiguration$$SpringCGLIB$$0] is not eligible for getting processed by all BeanPostProcessors (for example: not eligible for auto-proxying)
20:31:35.740 trace_id= span_id=	trace_flags= Bean 'otel.springboot.resource-io.opentelemetry.instrumentation.spring.autoconfigure.resources.OtelResourceProperties' of type [io.opentelemetry.instrumentation.spring.autoconfigure.resources.OtelResourceProperties] is not eligible for getting processed by all BeanPostProcessors (for example: not eligible for auto-proxying)
20:31:35.743 trace_id= span_id=	trace_flags= Bean 'otelResourceProvider' of type [io.opentelemetry.instrumentation.spring.autoconfigure.resources.SpringResourceProvider] is not eligible for getting processed by all BeanPostProcessors (for example: not eligible for auto-proxying)
20:31:35.753 trace_id= span_id=	trace_flags= Bean 'otelResource' of type [io.opentelemetry.sdk.resources.AutoValue_Resource] is not eligible for getting processed by all BeanPostProcessors (for example: not eligible for auto-proxying)
20:31:35.770 trace_id= span_id=	trace_flags= Bean 'io.opentelemetry.instrumentation.spring.autoconfigure.exporters.otlp.OtlpSpanExporterAutoConfiguration' of type [io.opentelemetry.instrumentation.spring.autoconfigure.exporters.otlp.OtlpSpanExporterAutoConfiguration$$SpringCGLIB$$0] is not eligible for getting processed by all BeanPostProcessors (for example: not eligible for auto-proxying)
20:31:35.778 trace_id= span_id=	trace_flags= Bean 'otel.exporter.otlp-io.opentelemetry.instrumentation.spring.autoconfigure.exporters.otlp.OtlpExporterProperties' of type [io.opentelemetry.instrumentation.spring.autoconfigure.exporters.otlp.OtlpExporterProperties] is not eligible for getting processed by all BeanPostProcessors (for example: not eligible for auto-proxying)
20:31:36.465 trace_id= span_id=	trace_flags= Bean 'otelOtlpGrpcSpanExporter' of type [io.opentelemetry.exporter.otlp.trace.OtlpGrpcSpanExporter] is not eligible for getting processed by all BeanPostProcessors (for example: not eligible for auto-proxying)
20:31:36.507 trace_id= span_id=	trace_flags= Bean 'sdkTracerProvider' of type [io.opentelemetry.sdk.trace.SdkTracerProvider] is not eligible for getting processed by all BeanPostProcessors (for example: not eligible for auto-proxying)
20:31:36.514 trace_id= span_id=	trace_flags= Bean 'otel.metric.export-io.opentelemetry.instrumentation.spring.autoconfigure.MetricExportProperties' of type [io.opentelemetry.instrumentation.spring.autoconfigure.MetricExportProperties] is not eligible for getting processed by all BeanPostProcessors (for example: not eligible for auto-proxying)
20:31:36.521 trace_id= span_id=	trace_flags= Bean 'io.opentelemetry.instrumentation.spring.autoconfigure.exporters.otlp.OtlpMetricExporterAutoConfiguration' of type [io.opentelemetry.instrumentation.spring.autoconfigure.exporters.otlp.OtlpMetricExporterAutoConfiguration$$SpringCGLIB$$0] is not eligible for getting processed by all BeanPostProcessors (for example: not eligible for auto-proxying)
20:31:36.531 trace_id= span_id=	trace_flags= Bean 'otelOtlpGrpcMetricExporter' of type [io.opentelemetry.exporter.otlp.metrics.OtlpGrpcMetricExporter] is not eligible for getting processed by all BeanPostProcessors (for example: not eligible for auto-proxying)
20:31:36.564 trace_id= span_id=	trace_flags= Bean 'sdkMeterProvider' of type [io.opentelemetry.sdk.metrics.SdkMeterProvider] is not eligible for getting processed by all BeanPostProcessors (for example: not eligible for auto-proxying)
20:31:36.594 trace_id= span_id=	trace_flags= Bean 'sdkLoggerProvider' of type [io.opentelemetry.sdk.logs.SdkLoggerProvider] is not eligible for getting processed by all BeanPostProcessors (for example: not eligible for auto-proxying)
20:31:36.600 trace_id= span_id=	trace_flags= Bean 'io.opentelemetry.instrumentation.spring.autoconfigure.propagators.PropagationAutoConfiguration' of type [io.opentelemetry.instrumentation.spring.autoconfigure.propagators.PropagationAutoConfiguration$$SpringCGLIB$$0] is not eligible for getting processed by all BeanPostProcessors (for example: not eligible for auto-proxying)
20:31:36.604 trace_id= span_id=	trace_flags= Bean 'io.opentelemetry.instrumentation.spring.autoconfigure.propagators.PropagationAutoConfiguration$PropagatorsConfiguration' of type [io.opentelemetry.instrumentation.spring.autoconfigure.propagators.PropagationAutoConfiguration$PropagatorsConfiguration$$SpringCGLIB$$0] is not eligible for getting processed by all BeanPostProcessors (for example: not eligible for auto-proxying)
20:31:36.609 trace_id= span_id=	trace_flags= Bean 'otel.propagation-io.opentelemetry.instrumentation.spring.autoconfigure.propagators.PropagationProperties' of type [io.opentelemetry.instrumentation.spring.autoconfigure.propagators.PropagationProperties] is not eligible for getting processed by all BeanPostProcessors (for example: not eligible for auto-proxying)
20:31:36.620 trace_id= span_id=	trace_flags= Bean 'compositeTextMapPropagator' of type [io.opentelemetry.context.propagation.MultiTextMapPropagator] is not eligible for getting processed by all BeanPostProcessors (for example: not eligible for auto-proxying)
20:31:36.623 trace_id= span_id=	trace_flags= Bean 'contextPropagators' of type [io.opentelemetry.context.propagation.DefaultContextPropagators] is not eligible for getting processed by all BeanPostProcessors (for example: not eligible for auto-proxying)
20:31:36.629 trace_id= span_id=	trace_flags= Bean 'openTelemetry' of type [io.opentelemetry.sdk.OpenTelemetrySdk] is not eligible for getting processed by all BeanPostProcessors (for example: not eligible for auto-proxying)
20:31:36.632 trace_id= span_id=	trace_flags= Bean 'io.opentelemetry.instrumentation.spring.autoconfigure.instrumentation.webflux.SpringWebfluxInstrumentationAutoConfiguration' of type [io.opentelemetry.instrumentation.spring.autoconfigure.instrumentation.webflux.SpringWebfluxInstrumentationAutoConfiguration$$SpringCGLIB$$0] is not eligible for getting processed by all BeanPostProcessors (for example: not eligible for auto-proxying)
20:31:36.640 trace_id= span_id=	trace_flags= Bean 'org.springframework.cloud.client.loadbalancer.reactive.LoadBalancerBeanPostProcessorAutoConfiguration' of type [org.springframework.cloud.client.loadbalancer.reactive.LoadBalancerBeanPostProcessorAutoConfiguration] is not eligible for getting processed by all BeanPostProcessors (for example: not eligible for auto-proxying)
20:31:36.641 trace_id= span_id=	trace_flags= Bean 'org.springframework.cloud.client.loadbalancer.reactive.LoadBalancerBeanPostProcessorAutoConfiguration$ReactorDeferringLoadBalancerFilterConfig' of type [org.springframework.cloud.client.loadbalancer.reactive.LoadBalancerBeanPostProcessorAutoConfiguration$ReactorDeferringLoadBalancerFilterConfig] is not eligible for getting processed by all BeanPostProcessors (for example: not eligible for auto-proxying)
20:31:36.645 trace_id= span_id=	trace_flags= Bean 'reactorDeferringLoadBalancerExchangeFilterFunction' of type [org.springframework.cloud.client.loadbalancer.reactive.DeferringLoadBalancerExchangeFilterFunction] is not eligible for getting processed by all BeanPostProcessors (for example: not eligible for auto-proxying)
20:31:36.813 trace_id= span_id=	trace_flags= Using deprecated '-debug' fallback for parameter name resolution. Compile the affected code with '-parameters' instead or avoid its introspection: reactivefeign.spring.config.ReactiveFeignClientsConfiguration
20:31:39.348 trace_id= span_id=	trace_flags= Using deprecated '-debug' fallback for parameter name resolution. Compile the affected code with '-parameters' instead or avoid its introspection: io.opentelemetry.instrumentation.spring.autoconfigure.instrumentation.annotations.InstrumentationAnnotationsAutoConfiguration
20:31:41.007 trace_id= span_id=	trace_flags= Spring Cloud LoadBalancer is currently working with the default cache. While this cache implementation is useful for development and tests, it's recommended to use Caffeine cache in production.You can switch to using Caffeine cache, by adding it and org.springframework.cache.caffeine.CaffeineCacheManager to the classpath.
20:31:41.064 trace_id= span_id=	trace_flags= Exposing 15 endpoint(s) beneath base path '/actuator'
20:31:41.214 trace_id= span_id=	trace_flags= Started Book4FunTests in 9.823 seconds (process running for 12.176)
]]></system-out>
  </testcase>
</testsuite>